<?xml version="1.0" encoding="UTF-8"?>
<!-- Generated by org.testng.reporters.JUnitReportReporter -->
<testsuite hostname="DESKTOP-FC0ODHN" failures="0" tests="1" name="UI_Testing.TestLayer" time="12.840" errors="0" timestamp="2022-11-05T00:25:53 EDT" skipped="0">
  <testcase classname="UI_Testing.TestLayer" name="signup" time="12.840"/>
  <system-out/>
</testsuite> <!-- UI_Testing.TestLayer -->
