<?xml version="1.0" encoding="UTF-8"?>
<!-- Generated by org.testng.reporters.JUnitReportReporter -->
<testsuite hostname="DESKTOP-FC0ODHN" failures="0" tests="1" name="Brokenlinks.Table$Radiobutton" time="8.905" errors="0" timestamp="2022-04-15T21:54:23 EDT" skipped="0">
  <testcase classname="Brokenlinks.Table$Radiobutton" name="brokenlink" time="8.905"/>
  <system-out/>
</testsuite> <!-- Brokenlinks.Table$Radiobutton -->
