<?xml version="1.0" encoding="UTF-8"?>
<!-- Generated by org.testng.reporters.JUnitReportReporter -->
<testsuite hostname="DESKTOP-FC0ODHN" failures="0" tests="1" name="Brokenlinks.Radiobutton" time="2.907" errors="0" timestamp="2022-04-14T01:56:32 EDT" skipped="0">
  <testcase classname="Brokenlinks.Radiobutton" name="brokenlink" time="2.907"/>
  <system-out/>
</testsuite> <!-- Brokenlinks.Radiobutton -->
