<?xml version="1.0" encoding="UTF-8"?>
<!-- Generated by org.testng.reporters.JUnitReportReporter -->
<testsuite hostname="DESKTOP-FC0ODHN" failures="0" tests="1" name="apicalls.Httpbasicauth" time="1.679" errors="0" timestamp="2022-05-01T22:59:29 EDT" skipped="0">
  <testcase classname="apicalls.Httpbasicauth" name="basicauth" time="1.679"/>
  <system-out/>
</testsuite> <!-- apicalls.Httpbasicauth -->
